==================================================
SESSION 27: API SECURITY AUDIT LOG
==================================================

1. BOLA (ID SWAP) EXPLOITATION
* Targeted User ID: 102
* Private Information Leaked: {"email":"boss@titan.com",
  "name":"CISO","role":"Admin",
  "secret":"TITAN_MASTER_KEY_2026"}

2. BUSINESS LOGIC EXPLOITATION (DISCOUNT HUNTER)
* Hidden Discount Code Discovered: 9912
* Method Used: Used a bash loop with curl to send POST 
  requests to the checkout endpoint testing all codes 
  from 9900 to 9999. Code 9912 returned "100% OFF" 
  with a total of $0.00, confirming it as the hidden 
  discount code.

3. REMEDIATION RECOMMENDATION
* How would you fix the BOLA vulnerability?
Answer: Implement proper authorization checks on every 
API endpoint. The server must verify that the requesting 
user's session matches the requested resource ID before 
returning any data. Never trust user-supplied IDs alone.

* How would you fix the Brute-Force vulnerability?
Answer: Implement rate limiting on the checkout endpoint, 
add account lockouts after repeated failed attempts, and 
use long randomly generated discount codes instead of 
short sequential numeric ones.
